<?xml version="1.0" encoding="utf-8" standalone="no"?>
<!--This file represents the results of running a test suite-->
<test-results name="D:\refactoring\PowerMedia.Common\PowerMedia.Common.Tests\NunitProject.nunit" total="1" failures="0" not-run="0" date="2009-02-25" time="19:37:23">
  <environment nunit-version="2.4.8.0" clr-version="2.0.50727.3053" os-version="Microsoft Windows NT 6.0.6001 Service Pack 1" platform="Win32NT" cwd="C:\Program Files\NUnit 2.4.8\bin" machine-name="CYPLOWY" user="cyryl" user-domain="cyplowy" />
  <culture-info current-culture="pl-PL" current-uiculture="en-US" />
  <test-suite name="D:\refactoring\PowerMedia.Common\PowerMedia.Common.Tests\NunitProject.nunit" success="True" time="0.051" asserts="0">
    <results>
      <test-suite name="D:\refactoring\PowerMedia.Common\PowerMedia.Common.Tests\bin\Debug\PowerMedia.Common.Tests.dll" success="True" time="0.047" asserts="0">
        <results>
          <test-suite name="PowerMedia" success="True" time="0.046" asserts="0">
            <results>
              <test-suite name="Common" success="True" time="0.045" asserts="0">
                <results>
                  <test-suite name="XML" success="True" time="0.044" asserts="0">
                    <results>
                      <test-suite name="Tests" success="True" time="0.042" asserts="0">
                        <results>
                          <test-suite name="XmlParserUtilsTests" success="True" time="0.031" asserts="0">
                            <results>
                              <test-case name="PowerMedia.Common.XML.Tests.XmlParserUtilsTests.GetDateSafely_Test" executed="True" success="True" time="0.025" asserts="4" />
                            </results>
                          </test-suite>
                        </results>
                      </test-suite>
                    </results>
                  </test-suite>
                </results>
              </test-suite>
            </results>
          </test-suite>
        </results>
      </test-suite>
    </results>
  </test-suite>
</test-results>